<?xml version="1.0" encoding="UTF-8"?>
<!-- Generated by org.testng.reporters.JUnitReportReporter -->
<testsuite hostname="Sandy-PC" failures="0" tests="2" name="com.shopperstack.testscript.MenTopWearPriceFromatting" time="105.414" errors="0" timestamp="2024-10-10T12:43:18 IST" skipped="1">
  <testcase classname="com.shopperstack.testscript.MenTopWearPriceFromatting" name="priceFromating" time="39.444"/>
  <testcase classname="com.shopperstack.testscript.MenTopWearPriceFromatting" name="priceFromating" time="65.970">
    <skipped/>
  </testcase> <!-- priceFromating -->
  <system-out>
    <![CDATA[DataBase connectivity successfully
Browser Open Successfully
Login sucessfully
Logout Sucessfully
Browser Close Sucessfully
Browser Open Successfully
Login sucessfully
Logout Sucessfully
Login sucessfully
Logout Sucessfully
Browser Close Sucessfully
Browser Open Successfully
Login sucessfully
Logout Sucessfully
Login sucessfully
Logout Sucessfully
Browser Close Sucessfully
DataBase disconnect successfully]]>
  </system-out>
</testsuite> <!-- com.shopperstack.testscript.MenTopWearPriceFromatting -->
