<?xml version="1.0" encoding="UTF-8"?>
<!-- Generated by org.testng.reporters.JUnitReportReporter -->
<testsuite hostname="Sandy-PC" failures="0" tests="2" name="com.shopperstack.testscript.MenTopWearAddToCartVerify" time="153.435" errors="0" timestamp="2024-10-10T21:52:37 IST" skipped="1">
  <testcase classname="com.shopperstack.testscript.MenTopWearAddToCartVerify" name="addToCart" time="88.140"/>
  <testcase classname="com.shopperstack.testscript.MenTopWearAddToCartVerify" name="addToCart" time="65.295">
    <skipped/>
  </testcase> <!-- addToCart -->
  <system-out>
    <![CDATA[DataBase connectivity successfully
Browser Open Successfully
Login sucessfully
Logout Sucessfully
Login sucessfully
Logout Sucessfully
Browser Close Sucessfully
DataBase disconnect successfully]]>
  </system-out>
</testsuite> <!-- com.shopperstack.testscript.MenTopWearAddToCartVerify -->
