<?xml version="1.0" encoding="UTF-8"?>
<!-- Generated by org.testng.reporters.JUnitReportReporter -->
<testsuite hostname="Sandy-PC" failures="0" tests="2" name="com.shopperstack.testscript.MenTopWearModule" time="105.464" errors="0" timestamp="2024-10-09T15:05:55 IST" skipped="1">
  <testcase classname="com.shopperstack.testscript.MenTopWearModule" name="priceFromating" time="68.802">
    <skipped/>
  </testcase> <!-- priceFromating -->
  <testcase classname="com.shopperstack.testscript.MenTopWearModule" name="priceFromating" time="36.662"/>
  <system-out>
    <![CDATA[DataBase connectivity successfully
Browser Open Successfully
Login sucessfully
Logout Sucessfully
Login sucessfully
Logout Sucessfully
Browser Close Sucessfully
DataBase disconnect successfully]]>
  </system-out>
</testsuite> <!-- com.shopperstack.testscript.MenTopWearModule -->
